0 info it worked if it ends with ok
1 verbose cli [ 'C:\\Program Files\\nodejs\\node.exe',
1 verbose cli   'C:\\Program Files\\nodejs\\node_modules\\npm\\bin\\npm-cli.js',
1 verbose cli   'start' ]
2 info using npm@3.8.6
3 info using node@v6.0.0
4 verbose run-script [ 'prestart', 'start', 'poststart' ]
5 info lifecycle myprj@0.0.0~prestart: myprj@0.0.0
6 silly lifecycle myprj@0.0.0~prestart: no script for prestart, continuing
7 info lifecycle myprj@0.0.0~start: myprj@0.0.0
8 verbose lifecycle myprj@0.0.0~start: unsafe-perm in lifecycle true
9 verbose lifecycle myprj@0.0.0~start: PATH: C:\Program Files\nodejs\node_modules\npm\bin\node-gyp-bin;C:\Users\yongliang\Desktop\git-proj\quickly-create-node-project\node_modules\.bin;C:\Program Files\nodejs;JAVA_HOME\bin;C:\Windows\system32;C:\Windows;C:\Windows\System32\Wbem;C:\Windows\System32\WindowsPowerShell\v1.0\;C:\Program Files\nodejs\;C:\Program Files (x86)\cmder_mini;F:\develop\apache-maven-3.2.5\bin;F:\develop\adt-bundle-windows-x86-20130917\sdk\platform-tools;$ANDROID_HOME$\tools;-Xmx512M;F:\develop\gradle-2.10\bin;C:\Program Files\MongoDB\Server\3.4\bin;C:\Program Files\VisualSVN Server\bin;C:\Program Files\TortoiseSVN\bin;C:\Program Files\Git\cmd;C:\Users\yongliang\AppData\Roaming\npm;C:\Program Files (x86)\Microsoft VS Code\bin
10 verbose lifecycle myprj@0.0.0~start: CWD: C:\Users\yongliang\Desktop\git-proj\quickly-create-node-project
11 silly lifecycle myprj@0.0.0~start: Args: [ '/d /s /c', 'node ./bin/www' ]
12 silly lifecycle myprj@0.0.0~start: Returned: code: 1  signal: null
13 info lifecycle myprj@0.0.0~start: Failed to exec start script
14 verbose stack Error: myprj@0.0.0 start: `node ./bin/www`
14 verbose stack Exit status 1
14 verbose stack     at EventEmitter.<anonymous> (C:\Program Files\nodejs\node_modules\npm\lib\utils\lifecycle.js:239:16)
14 verbose stack     at emitTwo (events.js:106:13)
14 verbose stack     at EventEmitter.emit (events.js:191:7)
14 verbose stack     at ChildProcess.<anonymous> (C:\Program Files\nodejs\node_modules\npm\lib\utils\spawn.js:24:14)
14 verbose stack     at emitTwo (events.js:106:13)
14 verbose stack     at ChildProcess.emit (events.js:191:7)
14 verbose stack     at maybeClose (internal/child_process.js:850:16)
14 verbose stack     at Process.ChildProcess._handle.onexit (internal/child_process.js:215:5)
15 verbose pkgid myprj@0.0.0
16 verbose cwd C:\Users\yongliang\Desktop\git-proj\quickly-create-node-project
17 error Windows_NT 6.1.7601
18 error argv "C:\\Program Files\\nodejs\\node.exe" "C:\\Program Files\\nodejs\\node_modules\\npm\\bin\\npm-cli.js" "start"
19 error node v6.0.0
20 error npm  v3.8.6
21 error code ELIFECYCLE
22 error myprj@0.0.0 start: `node ./bin/www`
22 error Exit status 1
23 error Failed at the myprj@0.0.0 start script 'node ./bin/www'.
23 error Make sure you have the latest version of node.js and npm installed.
23 error If you do, this is most likely a problem with the myprj package,
23 error not with npm itself.
23 error Tell the author that this fails on your system:
23 error     node ./bin/www
23 error You can get information on how to open an issue for this project with:
23 error     npm bugs myprj
23 error Or if that isn't available, you can get their info via:
23 error     npm owner ls myprj
23 error There is likely additional logging output above.
24 verbose exit [ 1, true ]
